\BOOKMARK [1][-]{section.1}{Introduction}{}% 1
\BOOKMARK [2][-]{subsection.1.1}{Project Overview}{section.1}% 2
\BOOKMARK [2][-]{subsection.1.2}{Problem Statement}{section.1}% 3
\BOOKMARK [2][-]{subsection.1.3}{Metrics}{section.1}% 4
\BOOKMARK [2][-]{subsection.1.4}{Benchmark Model}{section.1}% 5
\BOOKMARK [1][-]{section.2}{Data Exploration}{}% 6
\BOOKMARK [1][-]{section.3}{Algorithms and Techniques}{}% 7
\BOOKMARK [2][-]{subsection.3.1}{Cointegration}{section.3}% 8
\BOOKMARK [2][-]{subsection.3.2}{Non-Parametric vs. Parametric Methods in Pairs Trading}{section.3}% 9
\BOOKMARK [2][-]{subsection.3.3}{Cointegration of Cryptocurrencies}{section.3}% 10
\BOOKMARK [2][-]{subsection.3.4}{Recurrent Neural Networks}{section.3}% 11
\BOOKMARK [2][-]{subsection.3.5}{Long Short Term Memory \(LSTM\) Neural Networks}{section.3}% 12
\BOOKMARK [2][-]{subsection.3.6}{Recurrent Neural Networks in Pairs Trading}{section.3}% 13
\BOOKMARK [2][-]{subsection.3.7}{Benchmark Model}{section.3}% 14
\BOOKMARK [1][-]{section.4}{Methodology}{}% 15
\BOOKMARK [2][-]{subsection.4.1}{Identification of Cointegrated Pairs and Calculation of the Spread}{section.4}% 16
\BOOKMARK [2][-]{subsection.4.2}{Data Preprocessing}{section.4}% 17
\BOOKMARK [2][-]{subsection.4.3}{Implementation}{section.4}% 18
\BOOKMARK [2][-]{subsection.4.4}{Refinement: Time Series Cross Validation + Grid Search}{section.4}% 19
\BOOKMARK [1][-]{section.5}{Results}{}% 20
\BOOKMARK [2][-]{subsection.5.1}{Model Evaluation and Validation}{section.5}% 21
\BOOKMARK [2][-]{subsection.5.2}{Comparison with ARIMA}{section.5}% 22
\BOOKMARK [1][-]{section.6}{Conclusion}{}% 23
\BOOKMARK [2][-]{subsection.6.1}{Improvement}{section.6}% 24
