\BOOKMARK [1][-]{section.1}{Definition}{}% 1
\BOOKMARK [2][-]{subsection.1.1}{Project Overview}{section.1}% 2
\BOOKMARK [2][-]{subsection.1.2}{Problem Statement}{section.1}% 3
\BOOKMARK [2][-]{subsection.1.3}{Metrics}{section.1}% 4
\BOOKMARK [1][-]{section.2}{Analysis}{}% 5
\BOOKMARK [2][-]{subsection.2.1}{Data Exploration}{section.2}% 6
\BOOKMARK [2][-]{subsection.2.2}{Exploratory Visualization}{section.2}% 7
\BOOKMARK [2][-]{subsection.2.3}{Algorithms and Techniques}{section.2}% 8
\BOOKMARK [3][-]{subsubsection.2.3.1}{Cointegration Techniques}{subsection.2.3}% 9
\BOOKMARK [3][-]{subsubsection.2.3.2}{Non-Parametric vs. Parametric Methods in Pairs Trading}{subsection.2.3}% 10
\BOOKMARK [3][-]{subsubsection.2.3.3}{Cointegration of Cryptocurrencies}{subsection.2.3}% 11
\BOOKMARK [3][-]{subsubsection.2.3.4}{Recurrent Neural Networks}{subsection.2.3}% 12
\BOOKMARK [3][-]{subsubsection.2.3.5}{LSTM Neural Networks}{subsection.2.3}% 13
\BOOKMARK [3][-]{subsubsection.2.3.6}{Recurrent Neural Networks in Pairs Trading}{subsection.2.3}% 14
\BOOKMARK [2][-]{subsection.2.4}{Benchmark Model}{section.2}% 15
\BOOKMARK [1][-]{section.3}{Methodology}{}% 16
\BOOKMARK [2][-]{subsection.3.1}{Data Preprocessing}{section.3}% 17
\BOOKMARK [2][-]{subsection.3.2}{Implementation}{section.3}% 18
\BOOKMARK [3][-]{subsubsection.3.2.1}{Cointegration}{subsection.3.2}% 19
\BOOKMARK [3][-]{subsubsection.3.2.2}{Preliminary Fits and Tests of LSTM and ARIMA forecast models}{subsection.3.2}% 20
\BOOKMARK [2][-]{subsection.3.3}{Refinement}{section.3}% 21
\BOOKMARK [3][-]{subsubsection.3.3.1}{Time Series Cross Validation + Grid Search of Stacked LSTM}{subsection.3.3}% 22
\BOOKMARK [1][-]{section.4}{Results}{}% 23
\BOOKMARK [2][-]{subsection.4.1}{Model Evaluation and Validation}{section.4}% 24
\BOOKMARK [3][-]{subsubsection.4.1.1}{Results of Preliminary Fits and Tests of LSTM and ARIMA forecast models \(w/o validation set\)}{subsection.4.1}% 25
\BOOKMARK [3][-]{subsubsection.4.1.2}{Results of Time Series Cross Validation + Grid Search of Stacked LSTM}{subsection.4.1}% 26
\BOOKMARK [2][-]{subsection.4.2}{Justification}{section.4}% 27
\BOOKMARK [1][-]{section.5}{Conclusion}{}% 28
\BOOKMARK [2][-]{subsection.5.1}{Free-Form Visualization}{section.5}% 29
\BOOKMARK [2][-]{subsection.5.2}{Reflection}{section.5}% 30
\BOOKMARK [2][-]{subsection.5.3}{Improvement}{section.5}% 31
